<?xml version="1.0" encoding="UTF-8"?>
<!-- Generated by org.testng.reporters.JUnitReportReporter -->
<testsuite skipped="0" hostname="DESKTOP-D8HNM4S" name="kwdpackage.KwdSuiteWay2smsRunner" tests="1" failures="0" timestamp="18 Feb 2019 17:13:58 GMT" time="177.592" errors="0">
  <testcase name="mymethod" time="177.592" classname="kwdpackage.KwdSuiteWay2smsRunner"/>
</testsuite> <!-- kwdpackage.KwdSuiteWay2smsRunner -->
